PRT1
67
120
4 0 5 (448 176 224 ) (448 176 160 ) (448 144 160 ) (448 144 224 ) 
4 0 4 (448 192 256 ) (448 256 256 ) (448 256 128 ) (448 192 128 ) 
4 0 3 (448 512 256 ) (448 640 256 ) (448 640 128 ) (448 512 128 ) 
4 0 1 (448 64 256 ) (448 64 232 ) (640 64 232 ) (640 64 256 ) 
4 1 2 (448 48 256 ) (448 48 232 ) (640 48 232 ) (640 48 256 ) 
4 2 40 (640 0 256 ) (448 0 256 ) (448 0 0 ) (640 0 0 ) 
4 2 7 (448 48 0 ) (448 0 0 ) (448 0 232 ) (448 48 232 ) 
4 2 6 (448 0 232 ) (448 0 256 ) (448 48 256 ) (448 48 232 ) 
4 3 8 (432 512 128 ) (432 512 256 ) (432 640 256 ) (432 640 128 ) 
4 4 9 (432 192 256 ) (432 256 256 ) (432 256 128 ) (432 192 128 ) 
4 5 9 (432 176 224 ) (432 176 160 ) (432 144 160 ) (432 144 224 ) 
4 6 42 (448 0 256 ) (432 0 256 ) (432 0 232 ) (448 0 232 ) 
4 6 9 (432 0 232 ) (432 0 256 ) (432 48 256 ) (432 48 232 ) 
4 6 7 (432 0 232 ) (432 48 232 ) (448 48 232 ) (448 0 232 ) 
4 7 42 (432 0 232 ) (432 0 0 ) (448 0 0 ) (448 0 232 ) 
4 7 9 (432 48 0 ) (432 0 0 ) (432 0 232 ) (432 48 232 ) 
4 8 10 (256 512 128 ) (256 512 256 ) (256 640 256 ) (256 640 128 ) 
4 9 44 (352 0 256 ) (256 0 256 ) (256 0 0 ) (352 0 0 ) 
4 9 43 (384 0 256 ) (352 0 256 ) (352 0 0 ) (384 0 0 ) 
4 9 42 (432 0 256 ) (384 0 256 ) (384 0 0 ) (432 0 0 ) 
4 9 14 (256 96 64 ) (256 96 256 ) (256 128 256 ) (256 128 64 ) 
4 9 15 (256 96 0 ) (256 0 0 ) (256 0 256 ) (256 96 256 ) 
4 9 13 (256 224 0 ) (256 128 0 ) (256 128 256 ) (256 224 256 ) 
4 9 12 (256 496 0 ) (256 320 0 ) (256 320 256 ) (256 496 256 ) 
4 10 19 (0 512 256 ) (0 640 256 ) (0 640 42.666672 ) (0 512 42.666668 ) 
4 10 11 (256 512 144 ) (256 512 256 ) (0 512 256 ) (0 512 144 ) 
4 11 20 (0 496 256 ) (0 512 256 ) (0 512 144 ) (0 496 144 ) 
4 11 12 (256 496 144 ) (256 496 256 ) (0 496 256 ) (0 496 144 ) 
4 12 25 (0 288 256 ) (0 448 256 ) (0 448 0 ) (0 288 0 ) 
4 12 21 (0 448 256 ) (0 496 256 ) (0 496 0 ) (0 448 0 ) 
4 13 17 (152 208 39 ) (152 144 39 ) (152 144 48 ) (152 208 48 ) 
4 13 16 (152 144 48 ) (152 144 176 ) (152 208 176 ) (152 208 48 ) 
4 13 14 (152 128 256 ) (152 128 64 ) (256 128 64 ) (256 128 256 ) 
4 14 15 (152 96 256 ) (152 96 64 ) (256 96 64 ) (256 96 256 ) 
4 15 44 (256 0 256 ) (152 0 256 ) (152 0 0 ) (256 0 0 ) 
4 16 18 (120 144 48 ) (120 144 176 ) (120 208 176 ) (120 208 48 ) 
4 16 17 (152 144 48 ) (128 144 48 ) (128 208 48 ) (152 208 48 ) 
4 18 46 (120 0 256 ) (0 0 256 ) (0 0 48 ) (120 0 48 ) 
4 18 28 (0 0 48 ) (0 0 256 ) (0 224 256 ) (0 224 48 ) 
4 19 20 (0 512 144 ) (0 512 256 ) (-128 512 256 ) (-128 512 144 ) 
4 19 22 (-352 512 256 ) (-352 512 0 ) (-128 512 0 ) (-128 512 256 ) 
4 20 21 (-128 496 256 ) (-128 496 144 ) (0 496 144 ) (0 496 256 ) 
4 20 22 (-128 512 256 ) (-128 512 144 ) (-128 496 144 ) (-128 496 256 ) 
4 21 25 (-128 448 0 ) (0 448 0 ) (0 448 256 ) (-128 448 256 ) 
4 21 22 (-128 496 0 ) (-128 448 0 ) (-128 448 256 ) (-128 496 256 ) 
4 22 25 (-232.369019 448 0 ) (-128 448 0 ) (-128 448 256 ) (-232.369019 448 256 ) 
4 22 24 (-352 448 0 ) (-232.369019 448 0 ) (-232.369019 448 256 ) (-352 448 256 ) 
4 23 26 (-640 448 256 ) (-640 448 0 ) (-448 448 0 ) (-448 448 256 ) 
4 23 24 (-448 448 0 ) (-384 448 0 ) (-384 448 256 ) (-448 448 256 ) 
4 24 36 (-448 224 0 ) (-259.938477 224 0 ) (-259.938507 224 256 ) (-448 224 256 ) 
4 24 26 (-448 448 256 ) (-448 448 0 ) (-448 384 0 ) (-448 384 256 ) 
4 24 27 (-448 352 0 ) (-448 224 0 ) (-448 224 256 ) (-448 352 256 ) 
4 24 25 (-256 256 0 ) (-232.369110 448 0 ) (-232.369110 448 256 ) (-256 256 256 ) 
4 27 39 (-640 224 0 ) (-512 224 0 ) (-512 224 256 ) (-640 224 256 ) 
4 27 37 (-512 224 0 ) (-496 224 0 ) (-496 224 256 ) (-512 224 256 ) 
4 27 36 (-496 224 0 ) (-448 224 0 ) (-448 224 256 ) (-496 224 256 ) 
4 28 48 (0 0 48 ) (0 0 256 ) (-64 0 256 ) (-64 0 48 ) 
4 28 30 (-64 96 112 ) (-64 96 256 ) (-64 160 256 ) (-64 160 112 ) 
4 28 29 (-64 224 256 ) (-64 224 48 ) (-64 160 48 ) (-64 160 256 ) 
4 28 31 (-64 96 48 ) (-64 0 48 ) (-64 0 256 ) (-64 96 256 ) 
4 29 32 (-96 224 256 ) (-96 224 48 ) (-96 160 48 ) (-96 160 256 ) 
4 29 30 (-96 160 256 ) (-96 160 112 ) (-64 160 112 ) (-64 160 256 ) 
4 30 32 (-96 96 112 ) (-96 96 256 ) (-96 160 256 ) (-96 160 112 ) 
4 30 31 (-96 96 256 ) (-96 96 112 ) (-64 96 112 ) (-64 96 256 ) 
4 31 48 (-64 0 256 ) (-96 0 256 ) (-96 0 48 ) (-64 0 48 ) 
4 31 33 (-96 64 112 ) (-96 64 256 ) (-96 96 256 ) (-96 96 112 ) 
4 31 34 (-96 64 48 ) (-96 0 48 ) (-96 0 256 ) (-96 64 256 ) 
4 32 33 (-160 96 256 ) (-160 96 112 ) (-96 96 112 ) (-96 96 256 ) 
4 32 35 (-160 224 256 ) (-160 224 48 ) (-160 96 48 ) (-160 96 256 ) 
4 33 35 (-160 64 112 ) (-160 64 256 ) (-160 96 256 ) (-160 96 112 ) 
4 33 34 (-160 64 256 ) (-160 64 112 ) (-96 64 112 ) (-96 64 256 ) 
4 34 48 (-96 0 256 ) (-160 0 256 ) (-160 0 48 ) (-96 0 48 ) 
4 34 35 (-160 64 48 ) (-160 0 48 ) (-160 0 256 ) (-160 64 256 ) 
4 35 48 (-160 0 256 ) (-224 0 256 ) (-224 0 48 ) (-160 0 48 ) 
4 36 54 (-287.507996 0 256 ) (-496 0 256 ) (-496 0 0 ) (-287.507996 0 0 ) 
4 36 38 (-496 0 144 ) (-496 0 256 ) (-496 128 256 ) (-496 128 144 ) 
4 36 37 (-496 224 256 ) (-496 224 0 ) (-496 128 0 ) (-496 128 256 ) 
4 37 39 (-512 224 256 ) (-512 224 0 ) (-512 128 0 ) (-512 128 256 ) 
4 37 38 (-512 128 256 ) (-512 128 144 ) (-496 128 144 ) (-496 128 256 ) 
4 38 55 (-496 0 256 ) (-512 0 256 ) (-512 0 144 ) (-496 0 144 ) 
4 38 39 (-512 0 144 ) (-512 0 256 ) (-512 128 256 ) (-512 128 144 ) 
4 39 56 (-512 0 256 ) (-640 0 256 ) (-640 0 42.666656 ) (-512 0 42.666664 ) 
4 40 42 (448 0 0 ) (448 -352 0 ) (448 -352 256 ) (448 0 256 ) 
4 41 42 (448 -384 0 ) (448 -640 0 ) (448 -640 256 ) (448 -384 256 ) 
4 42 43 (384 0 0 ) (384 -448 0 ) (384 -448 256 ) (384 0 256 ) 
4 43 44 (352 0 0 ) (352 -448 0 ) (352 -448 256 ) (352 0 256 ) 
4 44 45 (152 -152 0 ) (152 -640 0 ) (152 -640 256 ) (152 -152 256 ) 
4 45 47 (120 -152 0 ) (120 -640 0 ) (120 -640 256 ) (120 -152 256 ) 
4 46 48 (0 0 256 ) (0 0 48 ) (0 -120 48 ) (0 -120 256 ) 
4 47 64 (0 -448 0 ) (0 -640 0 ) (0 -640 256 ) (0 -448 256 ) 
4 47 60 (0 -432 0 ) (0 -448 0 ) (0 -448 232 ) (0 -432 232 ) 
4 47 59 (0 -448 232 ) (0 -448 256 ) (0 -432 256 ) (0 -432 232 ) 
4 47 57 (0 -256 0 ) (0 -432 0 ) (0 -432 256 ) (0 -256 256 ) 
4 47 51 (0 -152 0 ) (0 -256 0 ) (0 -256 256 ) (0 -152 256 ) 
4 48 49 (-208 -120 48 ) (-144 -120 48 ) (-144 -120 176 ) (-208 -120 176 ) 
4 49 53 (-144 -152 48 ) (-144 -152 176 ) (-208 -152 176 ) (-208 -152 48 ) 
4 49 50 (-208 -152 48 ) (-208 -128 48 ) (-144 -128 48 ) (-144 -152 48 ) 
4 50 53 (-144 -152 39 ) (-144 -152 48 ) (-208 -152 48 ) (-208 -152 39 ) 
4 51 57 (-96 -256 0 ) (0 -256 0 ) (0 -256 256 ) (-96 -256 256 ) 
4 51 52 (-96 -152 256 ) (-96 -152 64 ) (-96 -256 64 ) (-96 -256 256 ) 
4 52 57 (-96 -256 64 ) (-96 -256 256 ) (-128 -256 256 ) (-128 -256 64 ) 
4 52 53 (-128 -152 256 ) (-128 -152 64 ) (-128 -256 64 ) (-128 -256 256 ) 
4 53 57 (-224 -256 0 ) (-128 -256 0 ) (-128 -256 256 ) (-224 -256 256 ) 
4 54 57 (-496 -256 0 ) (-319.015991 -256 0 ) (-319.015991 -256 256 ) (-496 -256 256 ) 
4 54 55 (-496 -256 144 ) (-496 -256 256 ) (-496 0 256 ) (-496 0 144 ) 
4 55 56 (-512 -256 144 ) (-512 -256 256 ) (-512 0 256 ) (-512 0 144 ) 
4 56 58 (-512 -256 128 ) (-512 -256 256 ) (-640 -256 256 ) (-640 -256 128 ) 
4 57 62 (-192 -432 256 ) (-256 -432 256 ) (-256 -432 128 ) (-192 -432 128 ) 
4 57 61 (-176 -432 224 ) (-176 -432 160 ) (-144 -432 160 ) (-144 -432 224 ) 
4 57 60 (-48 -432 0 ) (0 -432 0 ) (0 -432 232 ) (-48 -432 232 ) 
4 57 59 (0 -432 232 ) (0 -432 256 ) (-48 -432 256 ) (-48 -432 232 ) 
4 58 63 (-512 -432 128 ) (-512 -432 256 ) (-640 -432 256 ) (-640 -432 128 ) 
4 59 64 (0 -448 232 ) (0 -448 256 ) (-48 -448 256 ) (-48 -448 232 ) 
4 59 60 (0 -448 232 ) (-48 -448 232 ) (-48 -432 232 ) (0 -432 232 ) 
4 60 64 (-48 -448 0 ) (0 -448 0 ) (0 -448 232 ) (-48 -448 232 ) 
4 61 66 (-176 -448 224 ) (-176 -448 160 ) (-144 -448 160 ) (-144 -448 224 ) 
4 62 66 (-192 -448 256 ) (-256 -448 256 ) (-256 -448 128 ) (-192 -448 128 ) 
4 63 66 (-512 -448 128 ) (-512 -448 256 ) (-640 -448 256 ) (-640 -448 128 ) 
4 64 65 (-48 -448 256 ) (-48 -448 232 ) (-48 -640 232 ) (-48 -640 256 ) 
4 65 66 (-64 -448 256 ) (-64 -448 232 ) (-64 -640 232 ) (-64 -640 256 ) 
